2025-02-09 19:38:43,864 INFO o.a.j.u.JMeterUtils: Setting Locale to en_EN
2025-02-09 19:38:43,880 INFO o.a.j.JMeter: Loading user properties from: user.properties
2025-02-09 19:38:43,881 INFO o.a.j.JMeter: Loading system properties from: system.properties
2025-02-09 19:38:43,887 INFO o.a.j.JMeter: Copyright (c) 1998-2024 The Apache Software Foundation
2025-02-09 19:38:43,887 INFO o.a.j.JMeter: Version 5.6.3
2025-02-09 19:38:43,887 INFO o.a.j.JMeter: java.version=23.0.1
2025-02-09 19:38:43,887 INFO o.a.j.JMeter: java.vm.name=Java HotSpot(TM) 64-Bit Server VM
2025-02-09 19:38:43,887 INFO o.a.j.JMeter: os.name=Windows 11
2025-02-09 19:38:43,887 INFO o.a.j.JMeter: os.arch=amd64
2025-02-09 19:38:43,887 INFO o.a.j.JMeter: os.version=10.0
2025-02-09 19:38:43,887 INFO o.a.j.JMeter: file.encoding=UTF-8
2025-02-09 19:38:43,887 INFO o.a.j.JMeter: java.awt.headless=null
2025-02-09 19:38:43,887 INFO o.a.j.JMeter: Max memory     =1073741824
2025-02-09 19:38:43,887 INFO o.a.j.JMeter: Available Processors =8
2025-02-09 19:38:43,901 INFO o.a.j.JMeter: Default Locale=English (EN)
2025-02-09 19:38:43,901 INFO o.a.j.JMeter: JMeter  Locale=English (EN)
2025-02-09 19:38:43,901 INFO o.a.j.JMeter: JMeterHome=C:\Users\Admin1\Desktop\apache-jmeter-5.6.3\apache-jmeter-5.6.3
2025-02-09 19:38:43,901 INFO o.a.j.JMeter: user.dir  =C:\Users\Admin1\Desktop\apache-jmeter-5.6.3\apache-jmeter-5.6.3\bin
2025-02-09 19:38:43,902 INFO o.a.j.JMeter: PWD       =C:\Users\Admin1\Desktop\apache-jmeter-5.6.3\apache-jmeter-5.6.3\bin
2025-02-09 19:38:43,903 INFO o.a.j.JMeter: IP: 192.168.0.111 Name: DESKTOP-MGK7FRH FullName: DESKTOP-MGK7FRH
2025-02-09 19:38:43,914 INFO o.a.j.JMeter: Loaded icon properties from org/apache/jmeter/images/icon.properties
2025-02-09 19:38:44,067 INFO o.a.j.JMeterGuiLauncher: Setting LAF to: com.github.weisj.darklaf.DarkLaf:com.github.weisj.darklaf.theme.DarculaTheme
2025-02-09 19:38:44,947 INFO o.a.j.r.ClassFinder: Will scan jar C:\Users\Admin1\Desktop\apache-jmeter-5.6.3\apache-jmeter-5.6.3\lib\ext\jmeter-plugins-casutg-3.0.jar with filter ExtendsClassFilter [parents=[interface org.apache.jmeter.gui.action.Command], inner=false, contains=null, notContains=null]. Consider exposing JMeter plugins via META-INF/services, and add JMeter-Skip-Class-Scanning=true manifest attribute so JMeter can skip classfile scanning
2025-02-09 19:38:44,959 INFO o.a.j.r.ClassFinder: Will scan jar C:\Users\Admin1\Desktop\apache-jmeter-5.6.3\apache-jmeter-5.6.3\lib\ext\jmeter-plugins-manager-1.10.jar with filter ExtendsClassFilter [parents=[interface org.apache.jmeter.gui.action.Command], inner=false, contains=null, notContains=null]. Consider exposing JMeter plugins via META-INF/services, and add JMeter-Skip-Class-Scanning=true manifest attribute so JMeter can skip classfile scanning
2025-02-09 19:38:45,106 INFO o.a.j.r.ClassFinder: Will scan jar C:\Users\Admin1\Desktop\apache-jmeter-5.6.3\apache-jmeter-5.6.3\lib\ext\jmeter-plugins-casutg-3.0.jar with filter ExtendsClassFilter [parents=[interface org.apache.jmeter.gui.plugin.MenuCreator], inner=false, contains=null, notContains=null]. Consider exposing JMeter plugins via META-INF/services, and add JMeter-Skip-Class-Scanning=true manifest attribute so JMeter can skip classfile scanning
2025-02-09 19:38:45,106 INFO o.a.j.r.ClassFinder: Will scan jar C:\Users\Admin1\Desktop\apache-jmeter-5.6.3\apache-jmeter-5.6.3\lib\ext\jmeter-plugins-manager-1.10.jar with filter ExtendsClassFilter [parents=[interface org.apache.jmeter.gui.plugin.MenuCreator], inner=false, contains=null, notContains=null]. Consider exposing JMeter plugins via META-INF/services, and add JMeter-Skip-Class-Scanning=true manifest attribute so JMeter can skip classfile scanning
2025-02-09 19:38:45,201 INFO o.j.r.JARSourceHTTP: Found cached repo
2025-02-09 19:38:45,372 INFO o.j.r.PluginManager: Plugins Status: [jpgc-casutg=3.0, jpgc-plugins-manager=1.10, jmeter-core=5.6.3, jmeter-ftp=5.6.3, jmeter-http=5.6.3, jmeter-jdbc=5.6.3, jmeter-jms=5.6.3, jmeter-junit=5.6.3, jmeter-java=5.6.3, jmeter-ldap=5.6.3, jmeter-mail=5.6.3, jmeter-mongodb=5.6.3, jmeter-native=5.6.3, jmeter-tcp=5.6.3, jmeter-components=5.6.3]
2025-02-09 19:38:46,464 INFO o.a.j.JMeterGuiLauncher: Loading file: C:\Users\Admin1\Desktop\apache-jmeter-5.6.3\apache-jmeter-5.6.3\Test Plan\Performance Testing.jmx
2025-02-09 19:38:46,465 INFO o.a.j.s.FileServer: Default base='C:\Users\Admin1\Desktop\apache-jmeter-5.6.3\apache-jmeter-5.6.3\bin'
2025-02-09 19:38:46,467 INFO o.a.j.s.FileServer: Set new base='C:\Users\Admin1\Desktop\apache-jmeter-5.6.3\apache-jmeter-5.6.3\Test Plan'
2025-02-09 19:38:46,765 INFO o.a.j.s.SaveService: Testplan (JMX) version: 2.2. Testlog (JTL) version: 2.2
2025-02-09 19:38:46,771 INFO o.a.j.s.SaveService: Using SaveService properties version 5.0
2025-02-09 19:38:46,775 INFO o.a.j.s.SaveService: Using SaveService properties file encoding UTF-8
2025-02-09 19:38:46,777 INFO o.a.j.s.SaveService: Loading file: C:\Users\Admin1\Desktop\apache-jmeter-5.6.3\apache-jmeter-5.6.3\Test Plan\Performance Testing.jmx
2025-02-09 19:38:46,900 INFO o.a.j.p.h.s.HTTPSamplerBase: Parser for text/html is org.apache.jmeter.protocol.http.parser.LagartoBasedHtmlParser
2025-02-09 19:38:46,900 INFO o.a.j.p.h.s.HTTPSamplerBase: Parser for application/xhtml+xml is org.apache.jmeter.protocol.http.parser.LagartoBasedHtmlParser
2025-02-09 19:38:46,900 INFO o.a.j.p.h.s.HTTPSamplerBase: Parser for application/xml is org.apache.jmeter.protocol.http.parser.LagartoBasedHtmlParser
2025-02-09 19:38:46,900 INFO o.a.j.p.h.s.HTTPSamplerBase: Parser for text/xml is org.apache.jmeter.protocol.http.parser.LagartoBasedHtmlParser
2025-02-09 19:38:46,900 INFO o.a.j.p.h.s.HTTPSamplerBase: Parser for text/vnd.wap.wml is org.apache.jmeter.protocol.http.parser.RegexpHTMLParser
2025-02-09 19:38:46,900 INFO o.a.j.p.h.s.HTTPSamplerBase: Parser for text/css is org.apache.jmeter.protocol.http.parser.CssParser
2025-02-09 19:38:46,913 INFO o.a.j.p.h.c.CookieManager: Settings: Delete null: true Check: true Allow variable: true Save: false Prefix: COOKIE_
2025-02-09 19:38:46,981 INFO o.a.j.s.FileServer: Set new base='C:\Users\Admin1\Desktop\apache-jmeter-5.6.3\apache-jmeter-5.6.3\Test Plan'
2025-02-09 19:38:47,194 INFO o.a.j.s.SampleResult: Note: Sample TimeStamps are START times
2025-02-09 19:38:47,194 INFO o.a.j.s.SampleResult: sampleresult.default.encoding is set to UTF-8
2025-02-09 19:38:47,194 INFO o.a.j.s.SampleResult: sampleresult.useNanoTime=true
2025-02-09 19:38:47,195 INFO o.a.j.s.SampleResult: sampleresult.nanoThreadSleep=5000
2025-02-09 19:38:47,295 INFO o.a.j.r.ClassFinder: Will scan jar C:\Users\Admin1\Desktop\apache-jmeter-5.6.3\apache-jmeter-5.6.3\lib\ext\jmeter-plugins-casutg-3.0.jar with filter ExtendsClassFilter [parents=[interface org.apache.jmeter.visualizers.ResultRenderer], inner=false, contains=null, notContains=null]. Consider exposing JMeter plugins via META-INF/services, and add JMeter-Skip-Class-Scanning=true manifest attribute so JMeter can skip classfile scanning
2025-02-09 19:38:47,296 INFO o.a.j.r.ClassFinder: Will scan jar C:\Users\Admin1\Desktop\apache-jmeter-5.6.3\apache-jmeter-5.6.3\lib\ext\jmeter-plugins-manager-1.10.jar with filter ExtendsClassFilter [parents=[interface org.apache.jmeter.visualizers.ResultRenderer], inner=false, contains=null, notContains=null]. Consider exposing JMeter plugins via META-INF/services, and add JMeter-Skip-Class-Scanning=true manifest attribute so JMeter can skip classfile scanning
2025-02-09 19:38:47,323 INFO o.a.j.r.ClassFinder: Will scan jar C:\Users\Admin1\Desktop\apache-jmeter-5.6.3\apache-jmeter-5.6.3\lib\ext\jmeter-plugins-casutg-3.0.jar with filter ExtendsClassFilter [parents=[interface org.apache.jmeter.visualizers.RequestView], inner=false, contains=null, notContains=null]. Consider exposing JMeter plugins via META-INF/services, and add JMeter-Skip-Class-Scanning=true manifest attribute so JMeter can skip classfile scanning
2025-02-09 19:38:47,324 INFO o.a.j.r.ClassFinder: Will scan jar C:\Users\Admin1\Desktop\apache-jmeter-5.6.3\apache-jmeter-5.6.3\lib\ext\jmeter-plugins-manager-1.10.jar with filter ExtendsClassFilter [parents=[interface org.apache.jmeter.visualizers.RequestView], inner=false, contains=null, notContains=null]. Consider exposing JMeter plugins via META-INF/services, and add JMeter-Skip-Class-Scanning=true manifest attribute so JMeter can skip classfile scanning
2025-02-09 19:38:47,432 INFO o.a.j.r.ClassFinder: Will scan jar C:\Users\Admin1\Desktop\apache-jmeter-5.6.3\apache-jmeter-5.6.3\lib\ext\jmeter-plugins-casutg-3.0.jar with filter ExtendsClassFilter [parents=[interface org.apache.jmeter.visualizers.ResultRenderer], inner=false, contains=null, notContains=null]. Consider exposing JMeter plugins via META-INF/services, and add JMeter-Skip-Class-Scanning=true manifest attribute so JMeter can skip classfile scanning
2025-02-09 19:38:47,432 INFO o.a.j.r.ClassFinder: Will scan jar C:\Users\Admin1\Desktop\apache-jmeter-5.6.3\apache-jmeter-5.6.3\lib\ext\jmeter-plugins-manager-1.10.jar with filter ExtendsClassFilter [parents=[interface org.apache.jmeter.visualizers.ResultRenderer], inner=false, contains=null, notContains=null]. Consider exposing JMeter plugins via META-INF/services, and add JMeter-Skip-Class-Scanning=true manifest attribute so JMeter can skip classfile scanning
2025-02-09 19:38:47,447 INFO o.a.j.r.ClassFinder: Will scan jar C:\Users\Admin1\Desktop\apache-jmeter-5.6.3\apache-jmeter-5.6.3\lib\ext\jmeter-plugins-casutg-3.0.jar with filter ExtendsClassFilter [parents=[interface org.apache.jmeter.visualizers.RequestView], inner=false, contains=null, notContains=null]. Consider exposing JMeter plugins via META-INF/services, and add JMeter-Skip-Class-Scanning=true manifest attribute so JMeter can skip classfile scanning
2025-02-09 19:38:47,448 INFO o.a.j.r.ClassFinder: Will scan jar C:\Users\Admin1\Desktop\apache-jmeter-5.6.3\apache-jmeter-5.6.3\lib\ext\jmeter-plugins-manager-1.10.jar with filter ExtendsClassFilter [parents=[interface org.apache.jmeter.visualizers.RequestView], inner=false, contains=null, notContains=null]. Consider exposing JMeter plugins via META-INF/services, and add JMeter-Skip-Class-Scanning=true manifest attribute so JMeter can skip classfile scanning
2025-02-09 19:38:47,548 INFO o.a.j.r.ClassFinder: Will scan jar C:\Users\Admin1\Desktop\apache-jmeter-5.6.3\apache-jmeter-5.6.3\lib\ext\jmeter-plugins-casutg-3.0.jar with filter ExtendsClassFilter [parents=[interface org.apache.jmeter.visualizers.ResultRenderer], inner=false, contains=null, notContains=null]. Consider exposing JMeter plugins via META-INF/services, and add JMeter-Skip-Class-Scanning=true manifest attribute so JMeter can skip classfile scanning
2025-02-09 19:38:47,548 INFO o.a.j.r.ClassFinder: Will scan jar C:\Users\Admin1\Desktop\apache-jmeter-5.6.3\apache-jmeter-5.6.3\lib\ext\jmeter-plugins-manager-1.10.jar with filter ExtendsClassFilter [parents=[interface org.apache.jmeter.visualizers.ResultRenderer], inner=false, contains=null, notContains=null]. Consider exposing JMeter plugins via META-INF/services, and add JMeter-Skip-Class-Scanning=true manifest attribute so JMeter can skip classfile scanning
2025-02-09 19:38:47,564 INFO o.a.j.r.ClassFinder: Will scan jar C:\Users\Admin1\Desktop\apache-jmeter-5.6.3\apache-jmeter-5.6.3\lib\ext\jmeter-plugins-casutg-3.0.jar with filter ExtendsClassFilter [parents=[interface org.apache.jmeter.visualizers.RequestView], inner=false, contains=null, notContains=null]. Consider exposing JMeter plugins via META-INF/services, and add JMeter-Skip-Class-Scanning=true manifest attribute so JMeter can skip classfile scanning
2025-02-09 19:38:47,564 INFO o.a.j.r.ClassFinder: Will scan jar C:\Users\Admin1\Desktop\apache-jmeter-5.6.3\apache-jmeter-5.6.3\lib\ext\jmeter-plugins-manager-1.10.jar with filter ExtendsClassFilter [parents=[interface org.apache.jmeter.visualizers.RequestView], inner=false, contains=null, notContains=null]. Consider exposing JMeter plugins via META-INF/services, and add JMeter-Skip-Class-Scanning=true manifest attribute so JMeter can skip classfile scanning
2025-02-09 19:39:19,581 INFO o.a.j.e.u.CompoundVariable: Note: Function class names must contain the string: '.functions.'
2025-02-09 19:39:19,581 INFO o.a.j.e.u.CompoundVariable: Note: Function class names must not contain the string: '.gui.'
2025-02-09 19:39:19,623 INFO o.a.j.r.ClassFinder: Will scan jar C:\Users\Admin1\Desktop\apache-jmeter-5.6.3\apache-jmeter-5.6.3\lib\ext\jmeter-plugins-casutg-3.0.jar with filter ExtendsClassFilter [parents=[interface org.apache.jmeter.functions.Function], inner=false, contains=null, notContains=null]. Consider exposing JMeter plugins via META-INF/services, and add JMeter-Skip-Class-Scanning=true manifest attribute so JMeter can skip classfile scanning
2025-02-09 19:39:19,624 INFO o.a.j.r.ClassFinder: Will scan jar C:\Users\Admin1\Desktop\apache-jmeter-5.6.3\apache-jmeter-5.6.3\lib\ext\jmeter-plugins-manager-1.10.jar with filter ExtendsClassFilter [parents=[interface org.apache.jmeter.functions.Function], inner=false, contains=null, notContains=null]. Consider exposing JMeter plugins via META-INF/services, and add JMeter-Skip-Class-Scanning=true manifest attribute so JMeter can skip classfile scanning
2025-02-09 19:39:40,818 INFO o.a.j.r.ClassFinder: Will scan jar C:\Users\Admin1\Desktop\apache-jmeter-5.6.3\apache-jmeter-5.6.3\lib\ext\jmeter-plugins-casutg-3.0.jar with filter ExtendsClassFilter [parents=[interface org.apache.jmeter.visualizers.ResultRenderer], inner=false, contains=null, notContains=null]. Consider exposing JMeter plugins via META-INF/services, and add JMeter-Skip-Class-Scanning=true manifest attribute so JMeter can skip classfile scanning
2025-02-09 19:39:40,818 INFO o.a.j.r.ClassFinder: Will scan jar C:\Users\Admin1\Desktop\apache-jmeter-5.6.3\apache-jmeter-5.6.3\lib\ext\jmeter-plugins-manager-1.10.jar with filter ExtendsClassFilter [parents=[interface org.apache.jmeter.visualizers.ResultRenderer], inner=false, contains=null, notContains=null]. Consider exposing JMeter plugins via META-INF/services, and add JMeter-Skip-Class-Scanning=true manifest attribute so JMeter can skip classfile scanning
2025-02-09 19:39:40,835 INFO o.a.j.r.ClassFinder: Will scan jar C:\Users\Admin1\Desktop\apache-jmeter-5.6.3\apache-jmeter-5.6.3\lib\ext\jmeter-plugins-casutg-3.0.jar with filter ExtendsClassFilter [parents=[interface org.apache.jmeter.visualizers.RequestView], inner=false, contains=null, notContains=null]. Consider exposing JMeter plugins via META-INF/services, and add JMeter-Skip-Class-Scanning=true manifest attribute so JMeter can skip classfile scanning
2025-02-09 19:39:40,835 INFO o.a.j.r.ClassFinder: Will scan jar C:\Users\Admin1\Desktop\apache-jmeter-5.6.3\apache-jmeter-5.6.3\lib\ext\jmeter-plugins-manager-1.10.jar with filter ExtendsClassFilter [parents=[interface org.apache.jmeter.visualizers.RequestView], inner=false, contains=null, notContains=null]. Consider exposing JMeter plugins via META-INF/services, and add JMeter-Skip-Class-Scanning=true manifest attribute so JMeter can skip classfile scanning
2025-02-09 19:39:59,663 INFO o.a.j.e.StandardJMeterEngine: Running the test!
2025-02-09 19:39:59,663 INFO o.a.j.s.SampleEvent: List of sample_variables: []
2025-02-09 19:39:59,663 INFO o.a.j.s.SampleEvent: List of sample_variables: []
2025-02-09 19:39:59,666 INFO o.a.j.g.u.JMeterMenuBar: setRunning(true, *local*)
2025-02-09 19:39:59,709 INFO o.a.j.e.StandardJMeterEngine: Starting ThreadGroup: 1 : bzm - Concurrency Thread Group
2025-02-09 19:39:59,709 INFO o.a.j.e.StandardJMeterEngine: Starting 0 threads for group bzm - Concurrency Thread Group.
2025-02-09 19:39:59,709 INFO o.a.j.e.StandardJMeterEngine: Thread will continue on error
2025-02-09 19:39:59,710 INFO o.a.j.e.StandardJMeterEngine: All thread groups have been started
2025-02-09 19:39:59,712 INFO c.b.j.t.c.ConcurrencyThreadStarter: Start supplying threads
2025-02-09 19:39:59,712 INFO c.b.j.t.c.ConcurrencyThreadStarter: ThreadStarter will finish, because target concurrency less than 0.
2025-02-09 19:39:59,918 INFO o.a.j.e.StandardJMeterEngine: Notifying test listeners of end of test
2025-02-09 19:39:59,918 INFO o.a.j.g.u.JMeterMenuBar: setRunning(false, *local*)
2025-02-09 19:40:18,820 INFO o.a.j.e.StandardJMeterEngine: Running the test!
2025-02-09 19:40:18,820 INFO o.a.j.s.SampleEvent: List of sample_variables: []
2025-02-09 19:40:18,821 INFO o.a.j.g.u.JMeterMenuBar: setRunning(true, *local*)
2025-02-09 19:40:18,854 INFO o.a.j.e.StandardJMeterEngine: Starting ThreadGroup: 1 : bzm - Concurrency Thread Group
2025-02-09 19:40:18,854 INFO o.a.j.e.StandardJMeterEngine: Starting 1 threads for group bzm - Concurrency Thread Group.
2025-02-09 19:40:18,854 INFO o.a.j.e.StandardJMeterEngine: Thread will continue on error
2025-02-09 19:40:18,856 INFO o.a.j.e.StandardJMeterEngine: All thread groups have been started
2025-02-09 19:40:18,856 INFO c.b.j.t.c.ConcurrencyThreadStarter: Start supplying threads
2025-02-09 19:40:18,858 INFO o.a.j.t.JMeterThread: Thread started: bzm - Concurrency Thread Group-ThreadStarter 1-1
2025-02-09 19:40:18,865 INFO o.a.j.p.h.s.HTTPHCAbstractImpl: Local host = DESKTOP-MGK7FRH
2025-02-09 19:40:18,870 INFO o.a.j.p.h.s.HTTPHC4Impl: HTTP request retry count = 0
2025-02-09 19:40:18,896 INFO o.a.j.p.h.s.h.LazyLayeredConnectionSocketFactory: Setting up HTTPS TrustAll Socket Factory
2025-02-09 19:40:18,897 INFO o.a.j.u.JsseSSLManager: Using default SSL protocol: TLS
2025-02-09 19:40:18,897 INFO o.a.j.u.JsseSSLManager: SSL session context: per-thread
2025-02-09 19:40:19,131 INFO o.a.j.u.SSLManager: JmeterKeyStore Location:  type JKS
2025-02-09 19:40:19,139 INFO o.a.j.u.SSLManager: KeyStore created OK
2025-02-09 19:40:19,140 WARN o.a.j.u.SSLManager: Keystore file not found, loading empty keystore
2025-02-09 19:40:24,957 INFO o.a.j.g.a.Start: Stopping test
2025-02-09 19:40:24,979 INFO c.b.j.t.c.ConcurrencyThreadStarter: Done supplying threads
2025-02-09 19:40:24,979 INFO o.a.j.t.JMeterThread: Stopping: bzm - Concurrency Thread Group-ThreadStarter 1-1
2025-02-09 19:40:24,979 WARN o.a.j.t.JMeterThread: Interrupting: bzm - Concurrency Thread Group-ThreadStarter 1-1 sampler: Login
2025-02-09 19:40:24,983 INFO o.a.j.t.JMeterThread: Thread is done: bzm - Concurrency Thread Group-ThreadStarter 1-1
2025-02-09 19:40:24,984 INFO o.a.j.t.JMeterThread: Thread finished: bzm - Concurrency Thread Group-ThreadStarter 1-1
2025-02-09 19:40:24,985 INFO o.a.j.e.StandardJMeterEngine: Notifying test listeners of end of test
2025-02-09 19:40:24,985 INFO o.a.j.g.u.JMeterMenuBar: setRunning(false, *local*)
2025-02-09 19:46:47,013 INFO o.a.j.e.StandardJMeterEngine: Running the test!
2025-02-09 19:46:47,013 INFO o.a.j.s.SampleEvent: List of sample_variables: []
2025-02-09 19:46:47,015 INFO o.a.j.g.u.JMeterMenuBar: setRunning(true, *local*)
2025-02-09 19:46:47,052 INFO o.a.j.e.StandardJMeterEngine: Starting ThreadGroup: 1 : bzm - Concurrency Thread Group
2025-02-09 19:46:47,052 INFO o.a.j.e.StandardJMeterEngine: Starting 1 threads for group bzm - Concurrency Thread Group.
2025-02-09 19:46:47,052 INFO o.a.j.e.StandardJMeterEngine: Thread will continue on error
2025-02-09 19:46:47,053 INFO o.a.j.e.StandardJMeterEngine: All thread groups have been started
2025-02-09 19:46:47,053 INFO c.b.j.t.c.ConcurrencyThreadStarter: Start supplying threads
2025-02-09 19:46:47,056 INFO o.a.j.t.JMeterThread: Thread started: bzm - Concurrency Thread Group-ThreadStarter 1-1
2025-02-09 19:46:47,056 INFO o.a.j.s.FileServer: Stored: C:/Users/Admin1/Desktop/Datasheet.csv
2025-02-09 19:46:54,695 INFO o.a.j.g.a.Start: Stopping test
2025-02-09 19:46:54,717 INFO c.b.j.t.c.ConcurrencyThreadStarter: Done supplying threads
2025-02-09 19:46:54,717 INFO o.a.j.t.JMeterThread: Stopping: bzm - Concurrency Thread Group-ThreadStarter 1-1
2025-02-09 19:46:54,718 WARN o.a.j.t.JMeterThread: Interrupting: bzm - Concurrency Thread Group-ThreadStarter 1-1 sampler: Logout
2025-02-09 19:46:54,722 INFO o.a.j.t.JMeterThread: Thread is done: bzm - Concurrency Thread Group-ThreadStarter 1-1
2025-02-09 19:46:54,722 INFO o.a.j.t.JMeterThread: Thread finished: bzm - Concurrency Thread Group-ThreadStarter 1-1
2025-02-09 19:46:54,723 INFO o.a.j.e.StandardJMeterEngine: Notifying test listeners of end of test
2025-02-09 19:46:54,723 INFO o.a.j.s.FileServer: Close: C:/Users/Admin1/Desktop/Datasheet.csv
2025-02-09 19:46:54,723 INFO o.a.j.g.u.JMeterMenuBar: setRunning(false, *local*)
